<?xml version="1.0" encoding="UTF-8"?>
<!-- Generated by org.testng.reporters.JUnitReportReporter -->
<testsuite hostname="EI-LAP-8338" failures="0" tests="1" name="DilipLohani.Appium.eCommerce_TC4" time="27.161" errors="0" timestamp="2025-03-27T18:33:51 IST" skipped="0">
  <testcase classname="DilipLohani.Appium.eCommerce_TC4" name="FillForm" time="27.161"/>
</testsuite> <!-- DilipLohani.Appium.eCommerce_TC4 -->
